{"/Users/annasviatelyk/Desktop/Projects/chytarium-app/App.js": {"path":"/Users/annasviatelyk/Desktop/Projects/chytarium-app/App.js","statementMap":{"0":{"start":{"line":5,"column":2},"end":{"line":10,"column":4}}},"fnMap":{"0":{"name":"App","decl":{"start":{"line":4,"column":24},"end":{"line":4,"column":27}},"loc":{"start":{"line":4,"column":30},"end":{"line":11,"column":1}},"line":4}},"branchMap":{},"s":{"0":1},"f":{"0":1},"b":{},"_coverageSchema":"1a1c01bbd47fc00a2c39e90264f33305004495a9","hash":"b8b0cb6307e8363009e25d28bc6cd7f7c93a6a3a"}
,"/Users/annasviatelyk/Desktop/Projects/chytarium-app/tailwind.config.js": {"path":"/Users/annasviatelyk/Desktop/Projects/chytarium-app/tailwind.config.js","statementMap":{"0":{"start":{"line":2,"column":0},"end":{"line":8,"column":2}}},"fnMap":{},"branchMap":{},"s":{"0":0},"f":{},"b":{}}
}
